#
# A fatal error has been detected by the Java Runtime Environment:
#
#  EXCEPTION_ACCESS_VIOLATION (0xc0000005) at pc=0x0000000055657dc3, pid=128, tid=0x00000000000035d0
#
# JRE version: Java(TM) SE Runtime Environment (8.0_261-b12) (build 1.8.0_261-b12)
# Java VM: Java HotSpot(TM) 64-Bit Server VM (25.261-b12 mixed mode windows-amd64 compressed oops)
# Problematic frame:
# V  [jvm.dll+0x157dc3]
#
# Failed to write core dump. Minidumps are not enabled by default on client versions of Windows
#
# If you would like to submit a bug report, please visit:
#   http://bugreport.java.com/bugreport/crash.jsp
#

---------------  T H R E A D  ---------------

Current thread (0x0000016545eb7000):  JavaThread "ComThread for AWT-EventQueue-0" daemon [_thread_in_vm, id=13776, stack(0x0000002a77a00000,0x0000002a77b00000)]

siginfo: ExceptionCode=0xc0000005, reading address 0x0000000000000000

Registers:
RAX=0x0000000000000000, RBX=0x0000016545eb7000, RCX=0x0000000000000700, RDX=0x0000000000000000
RSP=0x0000002a77aff210, RBP=0x0000016545eb71f8, RSI=0x0000000000000000, RDI=0x0000016545eb7100
R8 =0x00000000d786a168, R9 =0x0000000000000010, R10=0x000001654af00000, R11=0x0000002a77aff200
R12=0xffffffffffffffff, R13=0x0000002a77aff430, R14=0x0000016545eb7000, R15=0x00000000000001d6
RIP=0x0000000055657dc3, EFLAGS=0x0000000000010246

Top of Stack: (sp=0x0000002a77aff210)
0x0000002a77aff210:   0000002a77aff430 ffffffffffffffff
0x0000002a77aff220:   0000016545eb7000 0000000000000000
0x0000002a77aff230:   0000016545eb7000 0000000000000000
0x0000002a77aff240:   0000016545eb71f8 0000000000000000
0x0000002a77aff250:   0000016545b9b648 000000018001ab69
0x0000002a77aff260:   000000000000000e 0000000000000000
0x0000002a77aff270:   0000000000000001 0000016545eb71f8
0x0000002a77aff280:   0000000000000001 0000016545eb71f8
0x0000002a77aff290:   ffffffffffffffff 0000000180003353
0x0000002a77aff2a0:   000000000000000e 0000016545eb71f8
0x0000002a77aff2b0:   0000000000000001 000001654af07a00
0x0000002a77aff2c0:   00000000d6ecc1d0 00000000d7bf0118
0x0000002a77aff2d0:   0000002a77aff420 00000165273a3358
0x0000002a77aff2e0:   0000002a77aff428 00000165277083a4
0x0000002a77aff2f0:   000001654af07a00 0000000000000000
0x0000002a77aff300:   0000000000000010 0000002a77aff3e8 

Instructions: (pc=0x0000000055657dc3)
0x0000000055657da3:   00 00 00 00 74 0a 48 8d 4c 24 20 e8 cd b3 12 00
0x0000000055657db3:   40 f6 c6 01 74 0a 48 8b ce e8 8f 4b 0c 00 eb 03
0x0000000055657dc3:   48 8b 06 80 3d fb df 68 00 00 74 15 8b 50 08 8b
0x0000000055657dd3:   0d 10 bf 61 00 48 d3 e2 48 03 15 fe be 61 00 eb 


Register to memory mapping:

RAX=0x0000000000000000 is an unknown value
RBX=0x0000016545eb7000 is a thread
RCX=0x0000000000000700 is an unknown value
RDX=0x0000000000000000 is an unknown value
RSP=0x0000002a77aff210 is pointing into the stack for thread: 0x0000016545eb7000
RBP=0x0000016545eb71f8 is an unknown value
RSI=0x0000000000000000 is an unknown value
RDI=0x0000016545eb7100 is an unknown value
R8 =0x00000000d786a168 is an oop
[Ljava.lang.Object; 
 - klass: 'java/lang/Object'[]
 - length: 16
R9 =0x0000000000000010 is an unknown value
R10=0x000001654af00000 is an unknown value
R11=0x0000002a77aff200 is pointing into the stack for thread: 0x0000016545eb7000
R12=0xffffffffffffffff is an unknown value
R13=0x0000002a77aff430 is pointing into the stack for thread: 0x0000016545eb7000
R14=0x0000016545eb7000 is a thread
R15=0x00000000000001d6 is an unknown value


Stack: [0x0000002a77a00000,0x0000002a77b00000],  sp=0x0000002a77aff210,  free space=1020k
Native frames: (J=compiled Java code, j=interpreted, Vv=VM code, C=native code)
V  [jvm.dll+0x157dc3]
C  [com4j-amd64.dll+0x1ab69]
C  [com4j-amd64.dll+0x3353]
C  0x0000016527239f4e

Java frames: (J=compiled Java code, j=interpreted, Vv=VM code)
j  com4j.Native.invokeDispatch(JII[Ljava/lang/Object;)Lcom4j/Variant;+0
j  com4j.WinComMethod.invokeDispatch(J[Ljava/lang/Object;)Ljava/lang/Object;+195
j  com4j.WinComMethod.invoke(Lcom/wps/runtime/IKRpcObject;[Ljava/lang/Object;)Ljava/lang/Object;+107
j  com4j.Wrapper$InvocationThunk.call()Ljava/lang/Object;+15
j  com4j.Task.invoke()V+12
j  com4j.ComThread.run0()V+61
j  com4j.ComThread.run()V+11
v  ~StubRoutines::call_stub

---------------  P R O C E S S  ---------------

Java Threads: ( => current thread )
=>0x0000016545eb7000 JavaThread "ComThread for AWT-EventQueue-0" daemon [_thread_in_vm, id=13776, stack(0x0000002a77a00000,0x0000002a77b00000)]
  0x0000016545992800 JavaThread "D3D Screen Updater" daemon [_thread_blocked, id=13500, stack(0x0000002a77900000,0x0000002a77a00000)]
  0x0000016545802000 JavaThread "TimerQueue" daemon [_thread_blocked, id=2280, stack(0x0000002a77500000,0x0000002a77600000)]
  0x000001652587b800 JavaThread "DestroyJavaVM" [_thread_blocked, id=14328, stack(0x0000002a75a00000,0x0000002a75b00000)]
  0x000001653dd8d800 JavaThread "AWT-EventQueue-0" [_thread_blocked, id=3536, stack(0x0000002a77200000,0x0000002a77300000)]
  0x000001653dd29000 JavaThread "AWT-Windows" daemon [_thread_in_native, id=6924, stack(0x0000002a77100000,0x0000002a77200000)]
  0x000001653dd28800 JavaThread "AWT-Shutdown" [_thread_blocked, id=9760, stack(0x0000002a77000000,0x0000002a77100000)]
  0x000001653dd27800 JavaThread "Java2D Disposer" daemon [_thread_blocked, id=1816, stack(0x0000002a76f00000,0x0000002a77000000)]
  0x000001653d9ab800 JavaThread "Service Thread" daemon [_thread_blocked, id=3560, stack(0x0000002a76d00000,0x0000002a76e00000)]
  0x000001653c5c3000 JavaThread "C1 CompilerThread3" daemon [_thread_blocked, id=9436, stack(0x0000002a76c00000,0x0000002a76d00000)]
  0x000001653d8ce800 JavaThread "C2 CompilerThread2" daemon [_thread_blocked, id=3032, stack(0x0000002a76b00000,0x0000002a76c00000)]
  0x000001653d8cb000 JavaThread "C2 CompilerThread1" daemon [_thread_blocked, id=1300, stack(0x0000002a76a00000,0x0000002a76b00000)]
  0x000001653d8c8000 JavaThread "C2 CompilerThread0" daemon [_thread_blocked, id=556, stack(0x0000002a76900000,0x0000002a76a00000)]
  0x000001653d8c5000 JavaThread "Monitor Ctrl-Break" daemon [_thread_in_native, id=14100, stack(0x0000002a76800000,0x0000002a76900000)]
  0x000001653c557800 JavaThread "Attach Listener" daemon [_thread_blocked, id=7504, stack(0x0000002a76700000,0x0000002a76800000)]
  0x000001653c557000 JavaThread "Signal Dispatcher" daemon [_thread_blocked, id=13764, stack(0x0000002a76600000,0x0000002a76700000)]
  0x000001653c523800 JavaThread "Finalizer" daemon [_thread_blocked, id=5612, stack(0x0000002a76500000,0x0000002a76600000)]
  0x000001653c51c800 JavaThread "Reference Handler" daemon [_thread_blocked, id=8384, stack(0x0000002a76400000,0x0000002a76500000)]

Other Threads:
  0x000001653c4f0800 VMThread [stack: 0x0000002a76300000,0x0000002a76400000] [id=8420]
  0x000001653d9af800 WatcherThread [stack: 0x0000002a76e00000,0x0000002a76f00000] [id=13996]

VM state:not at safepoint (normal execution)

VM Mutex/Monitor currently owned by a thread: None

heap address: 0x0000000080e00000, size: 2034 MB, Compressed Oops mode: 32-bit
Narrow klass base: 0x0000000000000000, Narrow klass shift: 3
Compressed class space size: 1073741824 Address: 0x0000000100000000

Heap:
 PSYoungGen      total 38400K, used 36964K [0x00000000d5a00000, 0x00000000d8480000, 0x0000000100000000)
  eden space 33280K, 95% used [0x00000000d5a00000,0x00000000d7920128,0x00000000d7a80000)
  from space 5120K, 99% used [0x00000000d7a80000,0x00000000d7f79248,0x00000000d7f80000)
  to   space 5120K, 0% used [0x00000000d7f80000,0x00000000d7f80000,0x00000000d8480000)
 ParOldGen       total 87552K, used 69K [0x0000000080e00000, 0x0000000086380000, 0x00000000d5a00000)
  object space 87552K, 0% used [0x0000000080e00000,0x0000000080e11528,0x0000000086380000)
 Metaspace       used 20351K, capacity 20600K, committed 20992K, reserved 1067008K
  class space    used 2420K, capacity 2483K, committed 2560K, reserved 1048576K

Card table byte_map: [0x00000165365e0000,0x00000165369e0000] byte_map_base: 0x00000165361d9000

Marking Bits: (ParMarkBitMap*) 0x0000000055cf4fb0
 Begin Bits: [0x0000016536c90000, 0x0000016538c58000)
 End Bits:   [0x0000016538c58000, 0x000001653ac20000)

Polling page: 0x0000016525820000

CodeCache: size=245760Kb used=5076Kb max_used=5076Kb free=240683Kb
 bounds [0x0000016527220000, 0x0000016527720000, 0x0000016536220000]
 total_blobs=2065 nmethods=1467 adapters=510
 compilation: enabled

Compilation events (10 events):
Event: 13.381 Thread 0x000001653c5c3000 nmethod 1458 0x0000016527716410 code [0x0000016527716680, 0x00000165277179c0]
Event: 13.382 Thread 0x000001653c5c3000 1460       3       sun.reflect.DelegatingConstructorAccessorImpl::newInstance (9 bytes)
Event: 13.382 Thread 0x000001653c5c3000 nmethod 1460 0x000001652770c1d0 code [0x000001652770c340, 0x000001652770c570]
Event: 13.382 Thread 0x000001653c5c3000 1465       3       java.util.HashMap::get (23 bytes)
Event: 13.382 Thread 0x000001653c5c3000 nmethod 1465 0x000001652770bad0 code [0x000001652770bc60, 0x000001652770c060]
Event: 13.382 Thread 0x000001653c5c3000 1467       3       java.lang.ref.WeakReference::<init> (7 bytes)
Event: 13.382 Thread 0x000001653c5c3000 nmethod 1467 0x000001652770ef90 code [0x000001652770f100, 0x000001652770f3d8]
Event: 13.382 Thread 0x000001653c5c3000 1461       3       sun.reflect.ReflectionFactory::copyConstructor (10 bytes)
Event: 13.383 Thread 0x000001653c5c3000 nmethod 1461 0x000001652770e850 code [0x000001652770e9e0, 0x000001652770edd0]
Event: 13.383 Thread 0x000001653c5c3000 1462       3       java.lang.reflect.ReflectAccess::copyConstructor (5 bytes)

GC Heap History (2 events):
Event: 1.663 GC heap before
{Heap before GC invocations=1 (full 0):
 PSYoungGen      total 38400K, used 33280K [0x00000000d5a00000, 0x00000000d8480000, 0x0000000100000000)
  eden space 33280K, 100% used [0x00000000d5a00000,0x00000000d7a80000,0x00000000d7a80000)
  from space 5120K, 0% used [0x00000000d7f80000,0x00000000d7f80000,0x00000000d8480000)
  to   space 5120K, 0% used [0x00000000d7a80000,0x00000000d7a80000,0x00000000d7f80000)
 ParOldGen       total 87552K, used 0K [0x0000000080e00000, 0x0000000086380000, 0x00000000d5a00000)
  object space 87552K, 0% used [0x0000000080e00000,0x0000000080e00000,0x0000000086380000)
 Metaspace       used 11980K, capacity 12230K, committed 12544K, reserved 1060864K
  class space    used 1439K, capacity 1516K, committed 1536K, reserved 1048576K
Event: 1.667 GC heap after
Heap after GC invocations=1 (full 0):
 PSYoungGen      total 38400K, used 5092K [0x00000000d5a00000, 0x00000000d8480000, 0x0000000100000000)
  eden space 33280K, 0% used [0x00000000d5a00000,0x00000000d5a00000,0x00000000d7a80000)
  from space 5120K, 99% used [0x00000000d7a80000,0x00000000d7f79248,0x00000000d7f80000)
  to   space 5120K, 0% used [0x00000000d7f80000,0x00000000d7f80000,0x00000000d8480000)
 ParOldGen       total 87552K, used 69K [0x0000000080e00000, 0x0000000086380000, 0x00000000d5a00000)
  object space 87552K, 0% used [0x0000000080e00000,0x0000000080e11528,0x0000000086380000)
 Metaspace       used 11980K, capacity 12230K, committed 12544K, reserved 1060864K
  class space    used 1439K, capacity 1516K, committed 1536K, reserved 1048576K
}

Deoptimization events (10 events):
Event: 1.261 Thread 0x000001653dd8d800 Uncommon trap: reason=unstable_if action=reinterpret pc=0x00000165274006fc method=java.lang.String.indexOf([CII[CIII)I @ 3
Event: 1.486 Thread 0x000001653dd8d800 Uncommon trap: reason=unstable_if action=reinterpret pc=0x00000165273e3058 method=sun.nio.cs.UTF_8$Encoder.encode([CII[B)I @ 33
Event: 1.612 Thread 0x000001653dd8d800 Uncommon trap: reason=unstable_if action=reinterpret pc=0x00000165274fd6a8 method=sun.net.www.ParseUtil.encodePath(Ljava/lang/String;Z)Ljava/lang/String; @ 109
Event: 1.714 Thread 0x000001653dd8d800 Uncommon trap: reason=range_check action=make_not_entrant pc=0x0000016527509260 method=sun.reflect.generics.parser.SignatureParser.current()C @ 34
Event: 5.264 Thread 0x0000016545eb7000 Uncommon trap: reason=unstable_if action=reinterpret pc=0x0000016527508b5c method=java.util.HashMap.getNode(ILjava/lang/Object;)Ljava/util/HashMap$Node; @ 129
Event: 5.264 Thread 0x0000016545eb7000 Uncommon trap: reason=unstable_if action=reinterpret pc=0x00000165275070fc method=java.util.HashMap.getNode(ILjava/lang/Object;)Ljava/util/HashMap$Node; @ 129
Event: 13.362 Thread 0x0000016545eb7000 Uncommon trap: reason=unstable_if action=reinterpret pc=0x000001652755a4c0 method=java.util.HashMap.putVal(ILjava/lang/Object;Ljava/lang/Object;ZZ)Ljava/lang/Object; @ 162
Event: 13.362 Thread 0x0000016545eb7000 Uncommon trap: reason=unstable_if action=reinterpret pc=0x000001652754ae54 method=java.util.HashMap.putVal(ILjava/lang/Object;Ljava/lang/Object;ZZ)Ljava/lang/Object; @ 162
Event: 13.362 Thread 0x0000016545eb7000 Uncommon trap: reason=unstable_if action=reinterpret pc=0x0000016527655858 method=java.util.HashMap.resize()[Ljava/util/HashMap$Node; @ 206
Event: 13.362 Thread 0x0000016545eb7000 Uncommon trap: reason=unstable_if action=reinterpret pc=0x00000165276487e4 method=java.util.HashMap.getNode(ILjava/lang/Object;)Ljava/util/HashMap$Node; @ 84

Classes redefined (0 events):
No events

Internal exceptions (10 events):
Event: 0.258 Thread 0x000001652587b800 Exception <a 'java/lang/NoSuchFieldError': method resolution failed> (0x00000000d5ea94a8) thrown at [C:\jenkins\workspace\8-2-build-windows-amd64-cygwin\jdk8u261\295\hotspot\src\share\vm\prims\methodHandles.cpp, line 1169]
Event: 0.259 Thread 0x000001652587b800 Exception <a 'java/lang/NoSuchFieldError': method resolution failed> (0x00000000d5eb7320) thrown at [C:\jenkins\workspace\8-2-build-windows-amd64-cygwin\jdk8u261\295\hotspot\src\share\vm\prims\methodHandles.cpp, line 1169]
Event: 0.321 Thread 0x000001653dd8d800 Exception <a 'java/io/FileNotFoundException'> (0x00000000d615f9b8) thrown at [C:\jenkins\workspace\8-2-build-windows-amd64-cygwin\jdk8u261\295\hotspot\src\share\vm\prims\jni.cpp, line 710]
Event: 0.843 Thread 0x000001653dd8d800 Implicit null exception at 0x0000016527383515 to 0x00000165273836d9
Event: 1.714 Thread 0x000001653dd8d800 Exception <a 'java/lang/ArrayIndexOutOfBoundsException': 71> (0x00000000d5c77668) thrown at [C:\jenkins\workspace\8-2-build-windows-amd64-cygwin\jdk8u261\295\hotspot\src\share\vm\interpreter\interpreterRuntime.cpp, line 368]
Event: 1.714 Thread 0x000001653dd8d800 Exception <a 'java/lang/ArrayIndexOutOfBoundsException': 18> (0x00000000d5c79e80) thrown at [C:\jenkins\workspace\8-2-build-windows-amd64-cygwin\jdk8u261\295\hotspot\src\share\vm\interpreter\interpreterRuntime.cpp, line 368]
Event: 1.714 Thread 0x000001653dd8d800 Exception <a 'java/lang/ArrayIndexOutOfBoundsException': 60> (0x00000000d5c7b6e8) thrown at [C:\jenkins\workspace\8-2-build-windows-amd64-cygwin\jdk8u261\295\hotspot\src\share\vm\interpreter\interpreterRuntime.cpp, line 368]
Event: 1.742 Thread 0x000001653dd8d800 Exception <a 'java/lang/NoSuchMethodError': org.slf4j.impl.StaticMarkerBinder.getSingleton()Lorg/slf4j/impl/StaticMarkerBinder;> (0x00000000d5e89830) thrown at [C:\jenkins\workspace\8-2-build-windows-amd64-cygwin\jdk8u261\295\hotspot\src\share\vm\interpre
Event: 5.281 Thread 0x0000016545eb7000 Exception <a 'java/lang/UnsatisfiedLinkError': Êâæ‰∏çÂà∞ÊåáÂÆöÁöÑÁ®ãÂ∫è„ÄÇ
> (0x00000000d6a22868) thrown at [C:\jenkins\workspace\8-2-build-windows-amd64-cygwin\jdk8u261\295\hotspot\src\share\vm\prims\jni.cpp, line 737]
Event: 5.294 Thread 0x0000016545eb7000 Exception <a 'java/lang/UnsatisfiedLinkError': Êâæ‰∏çÂà∞ÊåáÂÆöÁöÑÁ®ãÂ∫è„ÄÇ
> (0x00000000d6a236b8) thrown at [C:\jenkins\workspace\8-2-build-windows-amd64-cygwin\jdk8u261\295\hotspot\src\share\vm\prims\jni.cpp, line 737]

Events (10 events):
Event: 13.374 Executing VM operation: RevokeBias
Event: 13.374 Executing VM operation: RevokeBias done
Event: 13.374 Executing VM operation: RevokeBias
Event: 13.374 Executing VM operation: RevokeBias done
Event: 13.378 Executing VM operation: RevokeBias
Event: 13.378 Executing VM operation: RevokeBias done
Event: 13.379 loading class com4j/DefaultValue
Event: 13.379 loading class com4j/DefaultValue done
Event: 13.382 Executing VM operation: RevokeBias
Event: 13.382 Executing VM operation: RevokeBias done


Dynamic libraries:
0x00007ff7b3630000 - 0x00007ff7b3677000 	C:\peter\Install\jdk\bin\java.exe
0x00007fff8b560000 - 0x00007fff8b750000 	C:\Windows\SYSTEM32\ntdll.dll
0x00007fff8ac40000 - 0x00007fff8acf2000 	C:\Windows\System32\KERNEL32.DLL
0x00007fff890d0000 - 0x00007fff89375000 	C:\Windows\System32\KERNELBASE.dll
0x00007fff8b2f0000 - 0x00007fff8b393000 	C:\Windows\System32\ADVAPI32.dll
0x00007fff8a080000 - 0x00007fff8a11e000 	C:\Windows\System32\msvcrt.dll
0x00007fff89f30000 - 0x00007fff89fc7000 	C:\Windows\System32\sechost.dll
0x00007fff8aa60000 - 0x00007fff8ab7f000 	C:\Windows\System32\RPCRT4.dll
0x00007fff8a550000 - 0x00007fff8a6e4000 	C:\Windows\System32\USER32.dll
0x00007fff88880000 - 0x00007fff888a1000 	C:\Windows\System32\win32u.dll
0x00007fff8a720000 - 0x00007fff8a746000 	C:\Windows\System32\GDI32.dll
0x00007fff885d0000 - 0x00007fff88768000 	C:\Windows\System32\gdi32full.dll
0x00007fff89380000 - 0x00007fff8941e000 	C:\Windows\System32\msvcp_win.dll
0x00007fff884d0000 - 0x00007fff885ca000 	C:\Windows\System32\ucrtbase.dll
0x00007fff78660000 - 0x00007fff788e4000 	C:\Windows\WinSxS\amd64_microsoft.windows.common-controls_6595b64144ccf1df_6.0.18362.1440_none_9e7dbfb9e45e8e67\COMCTL32.dll
0x00007fff8a1b0000 - 0x00007fff8a4e6000 	C:\Windows\System32\combase.dll
0x00007fff89580000 - 0x00007fff89601000 	C:\Windows\System32\bcryptPrimitives.dll
0x00007fff8a6f0000 - 0x00007fff8a71e000 	C:\Windows\System32\IMM32.DLL
0x00007fff84e30000 - 0x00007fff84e45000 	C:\peter\Install\jdk\jre\bin\vcruntime140.dll
0x00007fff75b40000 - 0x00007fff75bdb000 	C:\peter\Install\jdk\jre\bin\msvcp140.dll
0x0000000055500000 - 0x0000000055d6c000 	C:\peter\Install\jdk\jre\bin\server\jvm.dll
0x00007fff8a070000 - 0x00007fff8a078000 	C:\Windows\System32\PSAPI.DLL
0x00007fff864c0000 - 0x00007fff864c9000 	C:\Windows\SYSTEM32\WSOCK32.dll
0x00007fff82ee0000 - 0x00007fff82eea000 	C:\Windows\SYSTEM32\VERSION.dll
0x00007fff863a0000 - 0x00007fff863c4000 	C:\Windows\SYSTEM32\WINMM.dll
0x00007fff89ff0000 - 0x00007fff8a05f000 	C:\Windows\System32\WS2_32.dll
0x00007fff86270000 - 0x00007fff8629d000 	C:\Windows\SYSTEM32\WINMMBASE.dll
0x00007fff888b0000 - 0x00007fff888fa000 	C:\Windows\System32\cfgmgr32.dll
0x00007fff88420000 - 0x00007fff88431000 	C:\Windows\System32\kernel.appcore.dll
0x00007fff84e20000 - 0x00007fff84e30000 	C:\peter\Install\jdk\jre\bin\verify.dll
0x00007fff84df0000 - 0x00007fff84e1b000 	C:\peter\Install\jdk\jre\bin\java.dll
0x00007fff77aa0000 - 0x00007fff77ad2000 	C:\peter\Install\jdk\jre\bin\instrument.dll
0x00007fff84dd0000 - 0x00007fff84de8000 	C:\peter\Install\jdk\jre\bin\zip.dll
0x00007fff89840000 - 0x00007fff89f28000 	C:\Windows\System32\SHELL32.dll
0x00007fff8b240000 - 0x00007fff8b2e7000 	C:\Windows\System32\shcore.dll
0x00007fff88900000 - 0x00007fff8907b000 	C:\Windows\System32\windows.storage.dll
0x00007fff884b0000 - 0x00007fff884ce000 	C:\Windows\System32\profapi.dll
0x00007fff88440000 - 0x00007fff8848a000 	C:\Windows\System32\powrprof.dll
0x00007fff88410000 - 0x00007fff88420000 	C:\Windows\System32\UMPDC.dll
0x00007fff8abe0000 - 0x00007fff8ac32000 	C:\Windows\System32\shlwapi.dll
0x00007fff89080000 - 0x00007fff89097000 	C:\Windows\System32\cryptsp.dll
0x00007fff84260000 - 0x00007fff8427a000 	C:\peter\Install\idea2018\dev\IntelliJ IDEA 2018.3.3\bin\breakgen64.dll
0x00007fff82ef0000 - 0x00007fff82f0c000 	C:\peter\Install\jdk\jre\bin\net.dll
0x00007fff87c50000 - 0x00007fff87cb7000 	C:\Windows\system32\mswsock.dll
0x00007fff53e10000 - 0x00007fff53fa4000 	C:\peter\Install\jdk\jre\bin\awt.dll
0x00007fff8ad00000 - 0x00007fff8adc5000 	C:\Windows\System32\OLEAUT32.dll
0x00007fff86500000 - 0x00007fff8658f000 	C:\Windows\SYSTEM32\apphelp.dll
0x00007fff866a0000 - 0x00007fff86739000 	C:\Windows\system32\uxtheme.dll
0x00007fff89700000 - 0x00007fff89835000 	C:\Windows\System32\MSCTF.dll
0x00007fff8a750000 - 0x00007fff8a8a7000 	C:\Windows\System32\ole32.dll
0x00007fff86bd0000 - 0x00007fff86bfd000 	C:\Windows\system32\DWMAPI.DLL
0x00007fff6c720000 - 0x00007fff6c876000 	C:\Windows\system32\opengl32.dll
0x00007fff6c6f0000 - 0x00007fff6c71c000 	C:\Windows\SYSTEM32\GLU32.dll
0x00007fff870c0000 - 0x00007fff870e0000 	C:\Windows\SYSTEM32\dxcore.dll
0x00007fff7ff10000 - 0x00007fff800d7000 	C:\Windows\system32\d3d9.dll
0x00007fff80280000 - 0x00007fff80382000 	C:\Windows\System32\DriverStore\FileRepository\nv_dispi.inf_amd64_1c83a5d7cffd7bff\nvldumdx.dll
0x00007fff88490000 - 0x00007fff884a2000 	C:\Windows\System32\msasn1.dll
0x00007fff82ea0000 - 0x00007fff82ecf000 	C:\Windows\SYSTEM32\cryptnet.dll
0x00007fff89420000 - 0x00007fff89571000 	C:\Windows\System32\CRYPT32.dll
0x00007fff87e20000 - 0x00007fff87e2c000 	C:\Windows\SYSTEM32\cryptbase.dll
0x00007fff88820000 - 0x00007fff8887c000 	C:\Windows\System32\WINTRUST.DLL
0x00007fff89fd0000 - 0x00007fff89fed000 	C:\Windows\System32\imagehlp.dll
0x00007fff877d0000 - 0x00007fff87803000 	C:\Windows\system32\rsaenh.dll
0x00007fff890a0000 - 0x00007fff890c6000 	C:\Windows\System32\bcrypt.dll
0x00007fff4bb50000 - 0x00007fff4d56b000 	C:\Windows\System32\DriverStore\FileRepository\nv_dispi.inf_amd64_1c83a5d7cffd7bff\nvd3dumx.dll
0x00007fff52e50000 - 0x00007fff530fe000 	C:\Windows\system32\nvspcap64.dll
0x00007fff87450000 - 0x00007fff87481000 	C:\Windows\SYSTEM32\ntmarta.dll
0x00007fff87000000 - 0x00007fff87022000 	C:\Windows\SYSTEM32\gpapi.dll
0x00007fff84250000 - 0x00007fff8425d000 	C:\peter\Install\jdk\jre\bin\management.dll
0x00007fff69bb0000 - 0x00007fff69bc6000 	C:\Windows\system32\napinsp.dll
0x00007fff69b70000 - 0x00007fff69b8a000 	C:\Windows\system32\pnrpnsp.dll
0x00007fff879a0000 - 0x00007fff87a6b000 	C:\Windows\SYSTEM32\DNSAPI.dll
0x00007fff8a120000 - 0x00007fff8a128000 	C:\Windows\System32\NSI.dll
0x00007fff87960000 - 0x00007fff8799a000 	C:\Windows\SYSTEM32\IPHLPAPI.DLL
0x00007fff69b60000 - 0x00007fff69b6e000 	C:\Windows\System32\winrnr.dll
0x00007fff84cd0000 - 0x00007fff84cec000 	C:\Windows\system32\NLAapi.dll
0x00007fff69b90000 - 0x00007fff69ba5000 	C:\Windows\system32\wshbth.dll
0x00007fff82ac0000 - 0x00007fff82aca000 	C:\Windows\System32\rasadhlp.dll
0x00007fff82f50000 - 0x00007fff82fc7000 	C:\Windows\System32\fwpuclnt.dll
0x00007fff83300000 - 0x00007fff83316000 	C:\Windows\SYSTEM32\dhcpcsvc6.DLL
0x00007fff832e0000 - 0x00007fff832fc000 	C:\Windows\SYSTEM32\dhcpcsvc.DLL
0x00007fff88330000 - 0x00007fff88355000 	C:\Windows\SYSTEM32\USERENV.dll
0x00007fff75780000 - 0x00007fff75793000 	C:\peter\Install\jdk\jre\bin\nio.dll
0x00007fff754e0000 - 0x00007fff75529000 	C:\peter\Install\jdk\jre\bin\fontmanager.dll
0x00007fff6ea90000 - 0x00007fff6ead3000 	C:\peter\Install\jdk\jre\bin\t2k.dll
0x00007fff8b3a0000 - 0x00007fff8b442000 	C:\Windows\System32\clbcatq.dll
0x00007fff82fd0000 - 0x00007fff8317f000 	C:\Windows\SYSTEM32\WindowsCodecs.dll
0x00007fff68930000 - 0x00007fff6896b000 	C:\Windows\system32\dataexchange.dll
0x00007fff85c30000 - 0x00007fff85e0d000 	C:\Windows\system32\dcomp.dll
0x00007fff859d0000 - 0x00007fff85c2b000 	C:\Windows\system32\d3d11.dll
0x00007fff871b0000 - 0x00007fff8729b000 	C:\Windows\system32\dxgi.dll
0x00007fff86760000 - 0x00007fff869ba000 	C:\Windows\system32\twinapi.appcore.dll
0x00007fff86ac0000 - 0x00007fff86ae9000 	C:\Windows\system32\RMCLIENT.dll
0x00007fff7f520000 - 0x00007fff7f5bd000 	C:\Windows\System32\TextInputFramework.dll
0x00007fff833d0000 - 0x00007fff836fa000 	C:\Windows\System32\CoreUIComponents.dll
0x00007fff85e10000 - 0x00007fff85ee4000 	C:\Windows\System32\CoreMessaging.dll
0x00007fff83d30000 - 0x00007fff83e82000 	C:\Windows\SYSTEM32\wintypes.dll
0x00007fff7b070000 - 0x00007fff7b317000 	C:\Windows\System32\iertutil.dll
0x00007fff54b90000 - 0x00007fff54d7f000 	C:\Windows\system32\SogouTSF.ime
0x00007fff81ce0000 - 0x00007fff81ce7000 	C:\Windows\system32\MSIMG32.dll
0x00007fff542f0000 - 0x00007fff54b8a000 	C:\Windows\system32\SogouPy.ime
0x00007fff7aa70000 - 0x00007fff7aad5000 	C:\Windows\SYSTEM32\OLEACC.dll
0x00007fff84300000 - 0x00007fff843fa000 	C:\Windows\SYSTEM32\WINHTTP.dll
0x0000000010000000 - 0x000000001011e000 	D:\≥£”√\SogouInput\10.1.0.4428\Resource.dll
0x00007fff52a00000 - 0x00007fff52c69000 	D:\≥£”√\SogouInput\Components\PicFace\1.1.0.1876\PicFace64.dll
0x00007fff8b450000 - 0x00007fff8b520000 	C:\Windows\System32\COMDLG32.dll
0x0000000180000000 - 0x0000000180058000 	C:\peter\wps02\dependencies\com4j-amd64.dll
0x00007fff88250000 - 0x00007fff882ed000 	C:\Windows\SYSTEM32\sxs.dll
0x00007fff6df70000 - 0x00007fff6dfb1000 	C:\Users\545\AppData\Local\Temp\jna-52598\jna2186195491183647885.dll
0x00007fff72a00000 - 0x00007fff72bf4000 	C:\Windows\SYSTEM32\dbghelp.dll

VM Arguments:
jvm_args: -javaagent:C:\peter\Install\idea2018\dev\IntelliJ IDEA 2018.3.3\lib\idea_rt.jar=51897:C:\peter\Install\idea2018\dev\IntelliJ IDEA 2018.3.3\bin -Dfile.encoding=UTF-8 
java_command: com.company.Main
java_class_path (initial): C:\peter\Install\jdk\jre\lib\charsets.jar;C:\peter\Install\jdk\jre\lib\deploy.jar;C:\peter\Install\jdk\jre\lib\ext\access-bridge-64.jar;C:\peter\Install\jdk\jre\lib\ext\cldrdata.jar;C:\peter\Install\jdk\jre\lib\ext\dnsns.jar;C:\peter\Install\jdk\jre\lib\ext\jaccess.jar;C:\peter\Install\jdk\jre\lib\ext\jfxrt.jar;C:\peter\Install\jdk\jre\lib\ext\localedata.jar;C:\peter\Install\jdk\jre\lib\ext\nashorn.jar;C:\peter\Install\jdk\jre\lib\ext\sunec.jar;C:\peter\Install\jdk\jre\lib\ext\sunjce_provider.jar;C:\peter\Install\jdk\jre\lib\ext\sunmscapi.jar;C:\peter\Install\jdk\jre\lib\ext\sunpkcs11.jar;C:\peter\Install\jdk\jre\lib\ext\zipfs.jar;C:\peter\Install\jdk\jre\lib\javaws.jar;C:\peter\Install\jdk\jre\lib\jce.jar;C:\peter\Install\jdk\jre\lib\jfr.jar;C:\peter\Install\jdk\jre\lib\jfxswt.jar;C:\peter\Install\jdk\jre\lib\jsse.jar;C:\peter\Install\jdk\jre\lib\management-agent.jar;C:\peter\Install\jdk\jre\lib\plugin.jar;C:\peter\Install\jdk\jre\lib\resources.jar;C:\peter\Install\jdk\jre\lib\rt.jar;C:\peter\wps02\out\production\wps02;C:\peter\wps02\dependencies\api-1.1.jar;C:\peter\wps02\dependencies\commons-codec-1.13.jar;C:\peter\wps02\dependencies\commons-exec-1.3.jar;C:\peter\wps02\dependencies\dom4j-1.6.1.jar;C:\peter\wps02\dependencies\guava-20.0.jar;C:\peter\wps02\dependencies\javassist-3.21.0-GA.jar;C:\peter\wps02\dependencies\jna-5.5.0.jar;C:\peter\wps02\dependencies\jna-platform-5.5.0.jar;C:\peter\wps02\dependencies\log4j-api-2.12.0.jar;C:\peter\wps02\dependencies\log4j-core-2.12.0.jar;C:\peter\wps02\dependencies\log4j-slf4j-impl-2.12.0.jar;C:\peter\wps02\dependencies\netty-all-4.1.37.Final.jar;C:\peter\wps02\dependencies\reflections-0.9.11.jar;C:\peter\wps02\dependencies\runtime-1.1.jar;C:\peter\wps02\dependencies\slf4j-api-1.7.25.jar;C:\peter\wps02\dependencies\xml-apis-1.0.b2.jar;C:\peter\Install\idea2018\dev\IntelliJ IDEA 2018.3.3\lib\idea_rt.jar
Launcher Type: SUN_STANDARD

Environment Variables:
JAVA_HOME=C:\peter\Install\jdk
CLASSPATH=.;C:\peter\Install\jdk\lib;C:\peter\Install\jdk\lib\tool.jar
PATH=C:\Program Files (x86)\Common Files\Oracle\Java\javapath;C:\Program Files (x86)\Common Files\Intel\Shared Libraries\redist\intel64\compiler;C:\Windows\system32;C:\Windows;C:\Windows\System32\Wbem;C:\Windows\System32\WindowsPowerShell\v1.0\;C:\Windows\System32\OpenSSH\;C:\Program Files (x86)\NVIDIA Corporation\PhysX\Common;C:\Program Files\NVIDIA Corporation\NVIDIA NvDLISR;C:\Users\545\AppData\Local\Microsoft\WindowsApps;
USERNAME=545
OS=Windows_NT
PROCESSOR_IDENTIFIER=Intel64 Family 6 Model 60 Stepping 3, GenuineIntel



---------------  S Y S T E M  ---------------

OS: Windows 10.0 , 64 bit Build 18362 (10.0.18362.1350)

CPU:total 8 (initial active 8) (4 cores per cpu, 2 threads per core) family 6 model 60 stepping 3, cmov, cx8, fxsr, mmx, sse, sse2, sse3, ssse3, sse4.1, sse4.2, popcnt, avx, avx2, aes, clmul, erms, lzcnt, ht, tsc, tscinvbit, bmi1, bmi2

Memory: 4k page, physical 8323952k(2274372k free), swap 33923952k(25995920k free)

vm_info: Java HotSpot(TM) 64-Bit Server VM (25.261-b12) for windows-amd64 JRE (1.8.0_261-b12), built on Jun 18 2020 06:56:32 by "" with unknown MS VC++:1916

time: Sat Mar 20 15:11:22 2021
timezone: ?D1®≤°¿®∫°¡?®∫°¿??
elapsed time: 13 seconds (0d 0h 0m 13s)

